SF:lib/main.dart
DA:9,1
DA:10,1
DA:11,3
DA:12,3
DA:13,3
DA:14,3
DA:15,1
LF:7
LH:7
end_of_record
SF:lib/screens/main_screen.dart
DA:15,2
DA:17,1
DA:20,2
DA:21,1
DA:22,1
DA:23,1
DA:28,1
DA:31,1
DA:32,3
DA:34,1
DA:35,1
DA:36,1
DA:37,1
DA:38,1
DA:41,1
DA:46,0
DA:47,0
DA:49,1
DA:53,1
DA:55,1
DA:57,1
DA:58,2
DA:59,1
LF:23
LH:21
end_of_record
SF:lib/screens/select_workout_screen.dart
DA:13,1
DA:15,1
DA:16,1
DA:21,1
DA:23,2
DA:24,2
DA:25,2
DA:26,2
DA:27,2
DA:28,1
DA:30,1
DA:32,4
DA:33,4
DA:34,4
DA:35,4
DA:36,4
DA:37,1
DA:39,1
DA:41,3
DA:42,1
DA:43,1
DA:44,1
DA:45,1
DA:46,1
DA:48,1
DA:51,1
DA:52,1
DA:54,1
DA:55,1
DA:56,1
DA:58,1
DA:71,1
DA:73,1
DA:74,1
DA:76,1
DA:77,1
DA:80,1
DA:82,1
DA:87,1
DA:88,1
DA:89,1
DA:90,2
DA:96,1
DA:97,1
DA:98,2
DA:104,1
DA:105,1
DA:106,2
DA:112,1
DA:113,1
DA:117,2
DA:120,1
DA:121,1
DA:122,2
LF:54
LH:54
end_of_record
SF:lib/screens/workout_screen.dart
DA:17,2
DA:19,1
DA:21,2
DA:22,1
DA:23,1
DA:24,1
DA:25,1
DA:28,1
DA:29,1
DA:31,1
DA:34,1
DA:35,1
DA:37,1
DA:38,1
DA:39,4
DA:41,0
DA:43,0
DA:44,0
DA:45,0
DA:47,0
DA:49,0
DA:50,0
DA:58,3
DA:60,1
DA:61,1
DA:63,0
DA:64,0
DA:66,1
DA:67,1
DA:69,1
DA:71,0
DA:72,0
DA:74,1
DA:75,2
DA:76,1
DA:78,3
DA:79,1
DA:80,2
DA:81,2
DA:91,1
DA:99,1
DA:100,3
DA:102,1
DA:103,1
DA:104,1
DA:106,1
DA:107,1
DA:108,1
DA:109,1
DA:110,1
DA:111,1
DA:112,2
DA:115,1
DA:117,1
DA:119,0
DA:120,0
DA:131,0
DA:132,0
LF:58
LH:43
end_of_record
SF:lib/widgets/core_widgets/bordered_button.dart
DA:9,2
DA:10,1
DA:12,1
DA:14,2
DA:15,1
DA:16,2
DA:18,1
DA:19,1
DA:20,3
LF:9
LH:9
end_of_record
SF:lib/widgets/core_widgets/workout_text_field.dart
DA:15,2
DA:16,1
DA:17,1
DA:21,1
DA:23,3
DA:24,1
DA:28,1
DA:29,1
DA:31,0
DA:32,0
DA:34,2
DA:40,3
DA:41,1
DA:42,2
DA:55,1
DA:56,1
DA:57,3
DA:59,0
DA:60,0
LF:19
LH:15
end_of_record
SF:lib/widgets/session/session_card.dart
DA:12,2
DA:14,1
DA:16,1
DA:17,1
DA:18,1
DA:20,1
DA:21,4
DA:24,2
DA:25,1
DA:27,1
DA:28,1
DA:30,6
DA:32,1
DA:34,1
DA:35,0
DA:36,0
DA:37,0
DA:48,1
DA:49,1
DA:51,3
DA:52,1
DA:53,1
DA:55,1
DA:56,6
DA:60,8
DA:66,1
DA:68,1
DA:69,0
DA:70,0
DA:71,0
DA:82,0
DA:83,0
DA:84,0
LF:33
LH:24
end_of_record
SF:lib/widgets/workout/set_widget.dart
DA:12,1
DA:17,1
DA:21,1
DA:23,2
DA:25,6
DA:26,1
DA:28,4
DA:30,4
DA:31,1
DA:34,2
DA:35,6
DA:36,0
DA:37,1
DA:38,1
DA:39,1
DA:40,1
DA:41,1
DA:42,1
DA:43,3
DA:45,1
DA:47,1
DA:48,1
DA:51,1
DA:52,2
DA:53,1
DA:56,1
DA:58,1
DA:59,2
DA:61,1
DA:62,6
DA:64,0
DA:65,0
DA:68,1
DA:70,1
DA:71,2
DA:73,1
DA:74,6
DA:76,0
DA:77,0
DA:79,0
DA:81,0
DA:85,1
DA:86,0
DA:87,0
LF:44
LH:35
end_of_record
SF:lib/widgets/workout/workout_list_item.dart
DA:10,2
DA:12,1
DA:13,1
DA:18,1
DA:20,3
DA:21,1
DA:22,1
DA:23,4
DA:24,4
DA:25,1
DA:26,1
DA:27,1
DA:28,3
DA:30,4
DA:32,1
DA:34,3
DA:44,1
DA:46,1
DA:48,1
DA:50,1
DA:51,3
DA:56,1
DA:58,1
DA:60,4
DA:61,4
DA:63,1
DA:64,1
DA:65,1
DA:67,1
DA:68,3
DA:69,1
DA:72,1
DA:74,1
DA:75,3
DA:76,1
DA:86,1
DA:87,7
LF:37
LH:37
end_of_record
SF:lib/models/session.dart
DA:10,1
LF:1
LH:1
end_of_record
SF:lib/models/session.g.dart
DA:13,0
DA:15,0
DA:16,0
DA:17,0
DA:19,0
DA:20,0
DA:21,0
DA:25,1
DA:28,1
DA:29,1
DA:30,2
DA:31,1
DA:32,2
DA:35,0
DA:36,0
DA:38,0
DA:41,0
DA:42,0
DA:43,0
LF:19
LH:6
end_of_record
SF:lib/models/workout.dart
DA:11,1
LF:1
LH:1
end_of_record
SF:lib/models/workout.g.dart
DA:13,0
DA:15,0
DA:16,0
DA:17,0
DA:19,0
DA:20,0
DA:21,0
DA:22,0
DA:23,0
DA:24,0
DA:28,1
DA:31,1
DA:32,1
DA:33,2
DA:34,1
DA:35,2
DA:36,1
DA:37,2
DA:38,1
DA:39,2
DA:40,1
DA:41,2
DA:44,0
DA:45,0
DA:47,0
DA:50,0
DA:51,0
DA:52,0
LF:28
LH:12
end_of_record
SF:lib/models/workout_set.g.dart
DA:13,0
DA:15,0
DA:16,0
DA:17,0
DA:19,0
DA:20,0
DA:21,0
DA:22,0
DA:23,0
DA:27,1
DA:30,1
DA:31,1
DA:32,2
DA:33,1
DA:34,2
DA:35,1
DA:36,2
DA:37,1
DA:38,2
DA:41,0
DA:42,0
DA:44,0
DA:47,0
DA:48,0
DA:49,0
LF:25
LH:10
end_of_record
SF:lib/navigation/app_navigator.dart
DA:8,1
DA:9,2
DA:10,1
DA:11,2
DA:16,1
DA:17,2
DA:18,1
DA:19,1
DA:24,1
DA:25,2
DA:26,1
DA:27,1
LF:12
LH:12
end_of_record
SF:lib/notifiers/selected_workouts_list_notifier.dart
DA:7,1
DA:9,1
DA:11,0
DA:13,0
DA:14,0
DA:15,0
DA:16,0
DA:18,0
DA:19,0
DA:21,1
DA:24,2
DA:26,2
DA:28,0
DA:30,3
DA:31,1
DA:34,1
DA:36,2
DA:37,2
DA:38,10
DA:39,3
DA:41,4
DA:43,3
DA:46,1
DA:47,1
DA:50,0
DA:52,0
DA:53,0
DA:54,0
DA:56,0
DA:57,0
DA:59,0
DA:61,0
DA:63,0
DA:65,0
DA:69,0
DA:70,0
DA:73,1
DA:75,2
DA:76,2
DA:77,3
DA:79,4
DA:81,3
DA:83,4
DA:85,3
DA:88,1
DA:89,1
DA:92,1
DA:94,2
DA:95,2
DA:96,3
DA:98,4
DA:100,3
DA:102,4
DA:104,3
DA:107,1
DA:108,1
DA:111,1
DA:113,1
DA:114,1
DA:115,1
DA:116,1
DA:117,6
LF:62
LH:42
end_of_record
SF:lib/providers/selected_workouts_list_provider.dart
DA:6,4
DA:7,1
LF:2
LH:2
end_of_record
SF:lib/providers/stored_sessions_provider.dart
DA:6,4
DA:7,1
LF:2
LH:2
end_of_record
SF:lib/utils/hive_utils.dart
DA:8,1
DA:10,3
DA:11,2
DA:14,1
DA:16,3
DA:18,1
DA:19,0
DA:21,0
DA:24,2
DA:32,0
DA:34,0
DA:36,0
DA:38,0
DA:40,0
LF:14
LH:7
end_of_record
SF:lib/widgets/core_widgets/loading_widget.dart
DA:6,1
DA:8,1
LF:2
LH:2
end_of_record
SF:lib/widgets/main_screen/header_widget.dart
DA:6,1
DA:8,1
DA:10,1
DA:12,1
LF:4
LH:4
end_of_record
SF:lib/widgets/main_screen/no_stored_workouts_widget.dart
DA:5,1
DA:7,1
DA:9,1
LF:3
LH:3
end_of_record
SF:lib/widgets/session/sessions_list_widget.dart
DA:8,1
DA:9,1
DA:11,1
DA:13,1
DA:14,1
DA:15,1
DA:16,1
DA:18,3
DA:19,1
DA:20,1
DA:22,1
DA:23,3
DA:25,2
LF:13
LH:13
end_of_record
SF:lib/widgets/core_widgets/section_title_widget.dart
DA:6,4
DA:8,1
DA:10,1
DA:11,1
DA:12,1
DA:14,1
DA:15,1
DA:19,1
DA:21,1
DA:23,1
DA:24,1
LF:11
LH:11
end_of_record
SF:lib/widgets/workout/workout_card.dart
DA:12,2
DA:15,1
DA:17,1
DA:18,2
DA:19,7
DA:20,1
DA:22,1
DA:24,1
DA:25,1
DA:27,1
DA:28,1
DA:29,1
DA:31,1
DA:33,1
DA:34,1
DA:35,2
DA:38,1
DA:39,0
DA:41,0
DA:42,0
DA:56,1
DA:57,1
DA:58,1
DA:59,1
DA:61,1
DA:63,1
DA:65,1
DA:66,2
DA:68,3
DA:69,2
DA:70,2
DA:71,0
DA:73,0
LF:33
LH:28
end_of_record
SF:lib/widgets/main_screen/greeting_widget.dart
DA:5,1
DA:7,1
DA:9,1
DA:10,1
DA:11,1
DA:12,1
DA:14,1
LF:7
LH:7
end_of_record
SF:lib/widgets/main_screen/profile_button.dart
DA:7,1
DA:9,1
DA:11,1
DA:14,0
DA:15,0
DA:16,0
DA:19,1
DA:22,1
LF:8
LH:5
end_of_record
